

*******************************************************************************
Mon May 13 10:41:20 2024


FIT:    data read from fileData
        format = z
        #datapoints = 43
        residuals are weighted equally (unit weight)

function used for fitting: F(x)
	F(x) = 4 * prfpot * ( (sigma / x)**12 - (sigma / x)**6 )
fitted parameters initialized with current variable values

iter      chisq       delta/lim  lambda   prfpot        sigma        
   0 1.5776798087e+21   0.00e+00  5.19e+10    2.000000e+00   2.000000e+00
  28 1.4413723885e+01  -2.90e-02  5.19e-05    1.257381e+02   3.344543e-01

After 28 iterations the fit converged.
final sum of squares of residuals : 14.4137
rel. change during last iteration : -2.89798e-07

degrees of freedom    (FIT_NDF)                        : 41
rms of residuals      (FIT_STDFIT) = sqrt(WSSR/ndf)    : 0.59292
variance of residuals (reduced chisquare) = WSSR/ndf   : 0.351554

Final set of parameters            Asymptotic Standard Error
=======================            ==========================
prfpot          = 125.738          +/- 0.1938       (0.1541%)
sigma           = 0.334454         +/- 2.767e-05    (0.008272%)

correlation matrix of the fit parameters:
                prfpot sigma  
prfpot          1.000 
sigma          -0.439  1.000 


*******************************************************************************
Mon May 13 10:42:41 2024


FIT:    data read from fileData
        format = z
        #datapoints = 43
        residuals are weighted equally (unit weight)

function used for fitting: F(x)
	F(x) = 4 * prfpot * ( (sigma / x)**12 - (sigma / x)**6 )
fitted parameters initialized with current variable values

iter      chisq       delta/lim  lambda   prfpot        sigma        
   0 1.5776798087e+21   0.00e+00  5.19e+10    2.000000e+00   2.000000e+00
  28 1.4413723885e+01  -2.90e-02  5.19e-05    1.257381e+02   3.344543e-01

After 28 iterations the fit converged.
final sum of squares of residuals : 14.4137
rel. change during last iteration : -2.89798e-07

degrees of freedom    (FIT_NDF)                        : 41
rms of residuals      (FIT_STDFIT) = sqrt(WSSR/ndf)    : 0.59292
variance of residuals (reduced chisquare) = WSSR/ndf   : 0.351554

Final set of parameters            Asymptotic Standard Error
=======================            ==========================
prfpot          = 125.738          +/- 0.1938       (0.1541%)
sigma           = 0.334454         +/- 2.767e-05    (0.008272%)

correlation matrix of the fit parameters:
                prfpot sigma  
prfpot          1.000 
sigma          -0.439  1.000 


*******************************************************************************
Mon May 13 10:43:22 2024


FIT:    data read from fileData
        format = z
        #datapoints = 43
        residuals are weighted equally (unit weight)

function used for fitting: F(x)
	F(x) = 4 * prfpot * ( (sigma / x)**12 - (sigma / x)**6 )
fitted parameters initialized with current variable values

iter      chisq       delta/lim  lambda   prfpot        sigma        
   0 1.5776798087e+21   0.00e+00  5.19e+10    2.000000e+00   2.000000e+00
  28 1.4413723885e+01  -2.90e-02  5.19e-05    1.257381e+02   3.344543e-01

After 28 iterations the fit converged.
final sum of squares of residuals : 14.4137
rel. change during last iteration : -2.89798e-07

degrees of freedom    (FIT_NDF)                        : 41
rms of residuals      (FIT_STDFIT) = sqrt(WSSR/ndf)    : 0.59292
variance of residuals (reduced chisquare) = WSSR/ndf   : 0.351554

Final set of parameters            Asymptotic Standard Error
=======================            ==========================
prfpot          = 125.738          +/- 0.1938       (0.1541%)
sigma           = 0.334454         +/- 2.767e-05    (0.008272%)

correlation matrix of the fit parameters:
                prfpot sigma  
prfpot          1.000 
sigma          -0.439  1.000 


*******************************************************************************
Mon May 13 10:43:58 2024


FIT:    data read from fileData
        format = z
        #datapoints = 43
        residuals are weighted equally (unit weight)

function used for fitting: F(x)
	F(x) = 4 * prfpot * ( (sigma / x)**12 - (sigma / x)**6 )
fitted parameters initialized with current variable values

iter      chisq       delta/lim  lambda   prfpot        sigma        
   0 1.5776798087e+21   0.00e+00  5.19e+10    2.000000e+00   2.000000e+00
  28 1.4413723885e+01  -2.90e-02  5.19e-05    1.257381e+02   3.344543e-01

After 28 iterations the fit converged.
final sum of squares of residuals : 14.4137
rel. change during last iteration : -2.89798e-07

degrees of freedom    (FIT_NDF)                        : 41
rms of residuals      (FIT_STDFIT) = sqrt(WSSR/ndf)    : 0.59292
variance of residuals (reduced chisquare) = WSSR/ndf   : 0.351554

Final set of parameters            Asymptotic Standard Error
=======================            ==========================
prfpot          = 125.738          +/- 0.1938       (0.1541%)
sigma           = 0.334454         +/- 2.767e-05    (0.008272%)

correlation matrix of the fit parameters:
                prfpot sigma  
prfpot          1.000 
sigma          -0.439  1.000 
